  Door.cpp
  Game.cpp
c:\users\jongmin\documents\montyhallproblemsimulator\montyhallproblemsimulator\game.cpp(70): error C3481: 'door1': lambda capture variable not found
c:\users\jongmin\documents\montyhallproblemsimulator\montyhallproblemsimulator\game.cpp(70): error C3481: 'door2': lambda capture variable not found
c:\users\jongmin\documents\montyhallproblemsimulator\montyhallproblemsimulator\game.cpp(70): error C3481: 'door3': lambda capture variable not found
c:\users\jongmin\documents\montyhallproblemsimulator\montyhallproblemsimulator\game.cpp(73): error C2679: binary '[': no operator found which takes a right-hand operand of type 'int' (or there is no acceptable conversion)
  c:\program files (x86)\microsoft visual studio\2017\community\vc\tools\msvc\14.16.27023\include\unordered_map(488): note: could be 'bool &std::unordered_map<Door *,bool,std::hash<_Kty>,std::equal_to<_Kty>,std::allocator<std::pair<const _Kty,_Ty>>>::operator [](Door *const &)'
          with
          [
              _Kty=Door *,
              _Ty=bool
          ]
  c:\program files (x86)\microsoft visual studio\2017\community\vc\tools\msvc\14.16.27023\include\unordered_map(287): note: or       'bool &std::unordered_map<Door *,bool,std::hash<_Kty>,std::equal_to<_Kty>,std::allocator<std::pair<const _Kty,_Ty>>>::operator [](Door *&&)'
          with
          [
              _Kty=Door *,
              _Ty=bool
          ]
  c:\users\jongmin\documents\montyhallproblemsimulator\montyhallproblemsimulator\game.cpp(73): note: while trying to match the argument list '(std::unordered_map<Door *,bool,std::hash<_Kty>,std::equal_to<_Kty>,std::allocator<std::pair<const _Kty,_Ty>>>, int)'
          with
          [
              _Kty=Door *,
              _Ty=bool
          ]
c:\users\jongmin\documents\montyhallproblemsimulator\montyhallproblemsimulator\game.cpp(85): error C2679: binary '[': no operator found which takes a right-hand operand of type 'int' (or there is no acceptable conversion)
  c:\program files (x86)\microsoft visual studio\2017\community\vc\tools\msvc\14.16.27023\include\unordered_map(488): note: could be 'bool &std::unordered_map<Door *,bool,std::hash<_Kty>,std::equal_to<_Kty>,std::allocator<std::pair<const _Kty,_Ty>>>::operator [](Door *const &)'
          with
          [
              _Kty=Door *,
              _Ty=bool
          ]
  c:\program files (x86)\microsoft visual studio\2017\community\vc\tools\msvc\14.16.27023\include\unordered_map(287): note: or       'bool &std::unordered_map<Door *,bool,std::hash<_Kty>,std::equal_to<_Kty>,std::allocator<std::pair<const _Kty,_Ty>>>::operator [](Door *&&)'
          with
          [
              _Kty=Door *,
              _Ty=bool
          ]
  c:\users\jongmin\documents\montyhallproblemsimulator\montyhallproblemsimulator\game.cpp(85): note: while trying to match the argument list '(std::unordered_map<Door *,bool,std::hash<_Kty>,std::equal_to<_Kty>,std::allocator<std::pair<const _Kty,_Ty>>>, int)'
          with
          [
              _Kty=Door *,
              _Ty=bool
          ]
c:\users\jongmin\documents\montyhallproblemsimulator\montyhallproblemsimulator\game.cpp(89): error C2679: binary '[': no operator found which takes a right-hand operand of type 'int' (or there is no acceptable conversion)
  c:\program files (x86)\microsoft visual studio\2017\community\vc\tools\msvc\14.16.27023\include\unordered_map(488): note: could be 'bool &std::unordered_map<Door *,bool,std::hash<_Kty>,std::equal_to<_Kty>,std::allocator<std::pair<const _Kty,_Ty>>>::operator [](Door *const &)'
          with
          [
              _Kty=Door *,
              _Ty=bool
          ]
  c:\program files (x86)\microsoft visual studio\2017\community\vc\tools\msvc\14.16.27023\include\unordered_map(287): note: or       'bool &std::unordered_map<Door *,bool,std::hash<_Kty>,std::equal_to<_Kty>,std::allocator<std::pair<const _Kty,_Ty>>>::operator [](Door *&&)'
          with
          [
              _Kty=Door *,
              _Ty=bool
          ]
  c:\users\jongmin\documents\montyhallproblemsimulator\montyhallproblemsimulator\game.cpp(89): note: while trying to match the argument list '(std::unordered_map<Door *,bool,std::hash<_Kty>,std::equal_to<_Kty>,std::allocator<std::pair<const _Kty,_Ty>>>, int)'
          with
          [
              _Kty=Door *,
              _Ty=bool
          ]
c:\users\jongmin\documents\montyhallproblemsimulator\montyhallproblemsimulator\game.cpp(95): error C2065: 'door2': undeclared identifier
c:\users\jongmin\documents\montyhallproblemsimulator\montyhallproblemsimulator\game.cpp(95): error C3481: 'door1': lambda capture variable not found
c:\users\jongmin\documents\montyhallproblemsimulator\montyhallproblemsimulator\game.cpp(95): error C3481: 'door2': lambda capture variable not found
c:\users\jongmin\documents\montyhallproblemsimulator\montyhallproblemsimulator\game.cpp(95): error C3481: 'door3': lambda capture variable not found
c:\users\jongmin\documents\montyhallproblemsimulator\montyhallproblemsimulator\game.cpp(98): error C2679: binary '[': no operator found which takes a right-hand operand of type 'int' (or there is no acceptable conversion)
  c:\program files (x86)\microsoft visual studio\2017\community\vc\tools\msvc\14.16.27023\include\unordered_map(488): note: could be 'bool &std::unordered_map<Door *,bool,std::hash<_Kty>,std::equal_to<_Kty>,std::allocator<std::pair<const _Kty,_Ty>>>::operator [](Door *const &)'
          with
          [
              _Kty=Door *,
              _Ty=bool
          ]
  c:\program files (x86)\microsoft visual studio\2017\community\vc\tools\msvc\14.16.27023\include\unordered_map(287): note: or       'bool &std::unordered_map<Door *,bool,std::hash<_Kty>,std::equal_to<_Kty>,std::allocator<std::pair<const _Kty,_Ty>>>::operator [](Door *&&)'
          with
          [
              _Kty=Door *,
              _Ty=bool
          ]
  c:\users\jongmin\documents\montyhallproblemsimulator\montyhallproblemsimulator\game.cpp(98): note: while trying to match the argument list '(std::unordered_map<Door *,bool,std::hash<_Kty>,std::equal_to<_Kty>,std::allocator<std::pair<const _Kty,_Ty>>>, int)'
          with
          [
              _Kty=Door *,
              _Ty=bool
          ]
c:\users\jongmin\documents\montyhallproblemsimulator\montyhallproblemsimulator\game.cpp(110): error C2679: binary '[': no operator found which takes a right-hand operand of type 'int' (or there is no acceptable conversion)
  c:\program files (x86)\microsoft visual studio\2017\community\vc\tools\msvc\14.16.27023\include\unordered_map(488): note: could be 'bool &std::unordered_map<Door *,bool,std::hash<_Kty>,std::equal_to<_Kty>,std::allocator<std::pair<const _Kty,_Ty>>>::operator [](Door *const &)'
          with
          [
              _Kty=Door *,
              _Ty=bool
          ]
  c:\program files (x86)\microsoft visual studio\2017\community\vc\tools\msvc\14.16.27023\include\unordered_map(287): note: or       'bool &std::unordered_map<Door *,bool,std::hash<_Kty>,std::equal_to<_Kty>,std::allocator<std::pair<const _Kty,_Ty>>>::operator [](Door *&&)'
          with
          [
              _Kty=Door *,
              _Ty=bool
          ]
  c:\users\jongmin\documents\montyhallproblemsimulator\montyhallproblemsimulator\game.cpp(110): note: while trying to match the argument list '(std::unordered_map<Door *,bool,std::hash<_Kty>,std::equal_to<_Kty>,std::allocator<std::pair<const _Kty,_Ty>>>, int)'
          with
          [
              _Kty=Door *,
              _Ty=bool
          ]
c:\users\jongmin\documents\montyhallproblemsimulator\montyhallproblemsimulator\game.cpp(114): error C2679: binary '[': no operator found which takes a right-hand operand of type 'int' (or there is no acceptable conversion)
  c:\program files (x86)\microsoft visual studio\2017\community\vc\tools\msvc\14.16.27023\include\unordered_map(488): note: could be 'bool &std::unordered_map<Door *,bool,std::hash<_Kty>,std::equal_to<_Kty>,std::allocator<std::pair<const _Kty,_Ty>>>::operator [](Door *const &)'
          with
          [
              _Kty=Door *,
              _Ty=bool
          ]
  c:\program files (x86)\microsoft visual studio\2017\community\vc\tools\msvc\14.16.27023\include\unordered_map(287): note: or       'bool &std::unordered_map<Door *,bool,std::hash<_Kty>,std::equal_to<_Kty>,std::allocator<std::pair<const _Kty,_Ty>>>::operator [](Door *&&)'
          with
          [
              _Kty=Door *,
              _Ty=bool
          ]
  c:\users\jongmin\documents\montyhallproblemsimulator\montyhallproblemsimulator\game.cpp(114): note: while trying to match the argument list '(std::unordered_map<Door *,bool,std::hash<_Kty>,std::equal_to<_Kty>,std::allocator<std::pair<const _Kty,_Ty>>>, int)'
          with
          [
              _Kty=Door *,
              _Ty=bool
          ]
c:\users\jongmin\documents\montyhallproblemsimulator\montyhallproblemsimulator\game.cpp(120): error C2065: 'door3': undeclared identifier
c:\users\jongmin\documents\montyhallproblemsimulator\montyhallproblemsimulator\game.cpp(120): error C3481: 'door1': lambda capture variable not found
c:\users\jongmin\documents\montyhallproblemsimulator\montyhallproblemsimulator\game.cpp(120): error C3481: 'door2': lambda capture variable not found
c:\users\jongmin\documents\montyhallproblemsimulator\montyhallproblemsimulator\game.cpp(120): error C3481: 'door3': lambda capture variable not found
c:\users\jongmin\documents\montyhallproblemsimulator\montyhallproblemsimulator\game.cpp(123): error C2679: binary '[': no operator found which takes a right-hand operand of type 'int' (or there is no acceptable conversion)
  c:\program files (x86)\microsoft visual studio\2017\community\vc\tools\msvc\14.16.27023\include\unordered_map(488): note: could be 'bool &std::unordered_map<Door *,bool,std::hash<_Kty>,std::equal_to<_Kty>,std::allocator<std::pair<const _Kty,_Ty>>>::operator [](Door *const &)'
          with
          [
              _Kty=Door *,
              _Ty=bool
          ]
  c:\program files (x86)\microsoft visual studio\2017\community\vc\tools\msvc\14.16.27023\include\unordered_map(287): note: or       'bool &std::unordered_map<Door *,bool,std::hash<_Kty>,std::equal_to<_Kty>,std::allocator<std::pair<const _Kty,_Ty>>>::operator [](Door *&&)'
          with
          [
              _Kty=Door *,
              _Ty=bool
          ]
  c:\users\jongmin\documents\montyhallproblemsimulator\montyhallproblemsimulator\game.cpp(123): note: while trying to match the argument list '(std::unordered_map<Door *,bool,std::hash<_Kty>,std::equal_to<_Kty>,std::allocator<std::pair<const _Kty,_Ty>>>, int)'
          with
          [
              _Kty=Door *,
              _Ty=bool
          ]
c:\users\jongmin\documents\montyhallproblemsimulator\montyhallproblemsimulator\game.cpp(135): error C2679: binary '[': no operator found which takes a right-hand operand of type 'int' (or there is no acceptable conversion)
  c:\program files (x86)\microsoft visual studio\2017\community\vc\tools\msvc\14.16.27023\include\unordered_map(488): note: could be 'bool &std::unordered_map<Door *,bool,std::hash<_Kty>,std::equal_to<_Kty>,std::allocator<std::pair<const _Kty,_Ty>>>::operator [](Door *const &)'
          with
          [
              _Kty=Door *,
              _Ty=bool
          ]
  c:\program files (x86)\microsoft visual studio\2017\community\vc\tools\msvc\14.16.27023\include\unordered_map(287): note: or       'bool &std::unordered_map<Door *,bool,std::hash<_Kty>,std::equal_to<_Kty>,std::allocator<std::pair<const _Kty,_Ty>>>::operator [](Door *&&)'
          with
          [
              _Kty=Door *,
              _Ty=bool
          ]
  c:\users\jongmin\documents\montyhallproblemsimulator\montyhallproblemsimulator\game.cpp(135): note: while trying to match the argument list '(std::unordered_map<Door *,bool,std::hash<_Kty>,std::equal_to<_Kty>,std::allocator<std::pair<const _Kty,_Ty>>>, int)'
          with
          [
              _Kty=Door *,
              _Ty=bool
          ]
c:\users\jongmin\documents\montyhallproblemsimulator\montyhallproblemsimulator\game.cpp(139): error C2679: binary '[': no operator found which takes a right-hand operand of type 'int' (or there is no acceptable conversion)
  c:\program files (x86)\microsoft visual studio\2017\community\vc\tools\msvc\14.16.27023\include\unordered_map(488): note: could be 'bool &std::unordered_map<Door *,bool,std::hash<_Kty>,std::equal_to<_Kty>,std::allocator<std::pair<const _Kty,_Ty>>>::operator [](Door *const &)'
          with
          [
              _Kty=Door *,
              _Ty=bool
          ]
  c:\program files (x86)\microsoft visual studio\2017\community\vc\tools\msvc\14.16.27023\include\unordered_map(287): note: or       'bool &std::unordered_map<Door *,bool,std::hash<_Kty>,std::equal_to<_Kty>,std::allocator<std::pair<const _Kty,_Ty>>>::operator [](Door *&&)'
          with
          [
              _Kty=Door *,
              _Ty=bool
          ]
  c:\users\jongmin\documents\montyhallproblemsimulator\montyhallproblemsimulator\game.cpp(139): note: while trying to match the argument list '(std::unordered_map<Door *,bool,std::hash<_Kty>,std::equal_to<_Kty>,std::allocator<std::pair<const _Kty,_Ty>>>, int)'
          with
          [
              _Kty=Door *,
              _Ty=bool
          ]
  main.cpp
  Generating Code...
